# JRE version: Java(TM) SE Runtime Environment (17.0.2+8) (build 17.0.2+8-LTS-86)
# Java VM: Java HotSpot(TM) 64-Bit Server VM (17.0.2+8-LTS-86, mixed mode, sharing, tiered, compressed oops, compressed class ptrs, g1 gc, windows-amd64)
GC Precious Log:
 CPUs: 8 total, 8 available
 Memory: 8025M
 Large Page Support: Disabled
 NUMA Support: Disabled
 Compressed Oops: Enabled (32-bit)
 Heap Region Size: 1M
 Heap Min Capacity: 8M
 Heap Initial Capacity: 126M
 Heap Max Capacity: 2008M
 Pre-touch: Disabled
 Parallel Workers: 8
 Concurrent Workers: 2
 Concurrent Refinement Workers: 8
 Periodic GC: Disabled
Heap:
 garbage-first heap   total 132096K, used 65031K [0x0000000082800000, 0x0000000100000000)
  region size 1024K, 6 young (6144K), 1 survivors (1024K)
 Metaspace       used 36230K, committed 36480K, reserved 1089536K
  class space    used 4141K, committed 4224K, reserved 1048576K
GC Heap History (20 events):
Event: 2.293 GC heap before
{Heap before GC invocations=1 (full 0):
 garbage-first heap   total 129024K, used 34127K [0x0000000082800000, 0x0000000100000000)
  region size 1024K, 30 young (30720K), 3 survivors (3072K)
 Metaspace       used 9811K, committed 9984K, reserved 1064960K
  class space    used 940K, committed 1024K, reserved 1048576K
}
Event: 2.304 GC heap after
{Heap after GC invocations=2 (full 0):
 garbage-first heap   total 129024K, used 10324K [0x0000000082800000, 0x0000000100000000)
  region size 1024K, 4 young (4096K), 4 survivors (4096K)
 Metaspace       used 9811K, committed 9984K, reserved 1064960K
  class space    used 940K, committed 1024K, reserved 1048576K
}
Event: 4.756 GC heap before
{Heap before GC invocations=2 (full 0):
 garbage-first heap   total 129024K, used 82004K [0x0000000082800000, 0x0000000100000000)
  region size 1024K, 74 young (75776K), 4 survivors (4096K)
 Metaspace       used 19076K, committed 19200K, reserved 1073152K
  class space    used 1947K, committed 1984K, reserved 1048576K
}
Event: 4.778 GC heap after
{Heap after GC invocations=3 (full 0):
 garbage-first heap   total 129024K, used 19956K [0x0000000082800000, 0x0000000100000000)
  region size 1024K, 10 young (10240K), 10 survivors (10240K)
 Metaspace       used 19076K, committed 19200K, reserved 1073152K
  class space    used 1947K, committed 1984K, reserved 1048576K
}
Event: 6.176 GC heap before
{Heap before GC invocations=3 (full 0):
 garbage-first heap   total 129024K, used 67060K [0x0000000082800000, 0x0000000100000000)
  region size 1024K, 57 young (58368K), 10 survivors (10240K)
 Metaspace       used 21352K, committed 21504K, reserved 1073152K
  class space    used 2171K, committed 2240K, reserved 1048576K
}
Event: 6.201 GC heap after
{Heap after GC invocations=4 (full 0):
 garbage-first heap   total 129024K, used 29036K [0x0000000082800000, 0x0000000100000000)
  region size 1024K, 9 young (9216K), 9 survivors (9216K)
 Metaspace       used 21352K, committed 21504K, reserved 1073152K
  class space    used 2171K, committed 2240K, reserved 1048576K
}
Event: 6.879 GC heap before
{Heap before GC invocations=5 (full 0):
 garbage-first heap   total 106496K, used 80236K [0x0000000082800000, 0x0000000100000000)
  region size 1024K, 60 young (61440K), 9 survivors (9216K)
 Metaspace       used 23594K, committed 23808K, reserved 1073152K
  class space    used 2446K, committed 2560K, reserved 1048576K
}
Event: 6.905 GC heap after
{Heap after GC invocations=6 (full 0):
 garbage-first heap   total 106496K, used 31596K [0x0000000082800000, 0x0000000100000000)
  region size 1024K, 3 young (3072K), 3 survivors (3072K)
 Metaspace       used 23594K, committed 23808K, reserved 1073152K
  class space    used 2446K, committed 2560K, reserved 1048576K
}
Event: 7.651 GC heap before
{Heap before GC invocations=6 (full 0):
 garbage-first heap   total 106496K, used 74604K [0x0000000082800000, 0x0000000100000000)
  region size 1024K, 45 young (46080K), 3 survivors (3072K)
 Metaspace       used 25501K, committed 25728K, reserved 1073152K
  class space    used 2710K, committed 2816K, reserved 1048576K
}
Event: 7.671 GC heap after
{Heap after GC invocations=7 (full 0):
 garbage-first heap   total 106496K, used 36716K [0x0000000082800000, 0x0000000100000000)
  region size 1024K, 6 young (6144K), 6 survivors (6144K)
 Metaspace       used 25501K, committed 25728K, reserved 1073152K
  class space    used 2710K, committed 2816K, reserved 1048576K
}
Event: 8.265 GC heap before
{Heap before GC invocations=7 (full 0):
 garbage-first heap   total 106496K, used 76652K [0x0000000082800000, 0x0000000100000000)
  region size 1024K, 45 young (46080K), 6 survivors (6144K)
 Metaspace       used 27289K, committed 27456K, reserved 1073152K
  class space    used 2931K, committed 3008K, reserved 1048576K
}
Event: 8.289 GC heap after
{Heap after GC invocations=8 (full 0):
 garbage-first heap   total 106496K, used 41449K [0x0000000082800000, 0x0000000100000000)
  region size 1024K, 5 young (5120K), 5 survivors (5120K)
 Metaspace       used 27289K, committed 27456K, reserved 1073152K
  class space    used 2931K, committed 3008K, reserved 1048576K
}
Event: 8.875 GC heap before
{Heap before GC invocations=8 (full 0):
 garbage-first heap   total 106496K, used 78313K [0x0000000082800000, 0x0000000100000000)
  region size 1024K, 41 young (41984K), 5 survivors (5120K)
 Metaspace       used 29473K, committed 29632K, reserved 1081344K
  class space    used 3221K, committed 3328K, reserved 1048576K
}
Event: 8.896 GC heap after
{Heap after GC invocations=9 (full 0):
 garbage-first heap   total 132096K, used 45299K [0x0000000082800000, 0x0000000100000000)
  region size 1024K, 4 young (4096K), 4 survivors (4096K)
 Metaspace       used 29473K, committed 29632K, reserved 1081344K
  class space    used 3221K, committed 3328K, reserved 1048576K
}
Event: 10.667 GC heap before
{Heap before GC invocations=9 (full 0):
 garbage-first heap   total 132096K, used 97523K [0x0000000082800000, 0x0000000100000000)
  region size 1024K, 55 young (56320K), 4 survivors (4096K)
 Metaspace       used 32606K, committed 32832K, reserved 1081344K
  class space    used 3657K, committed 3776K, reserved 1048576K
}
Event: 10.684 GC heap after
{Heap after GC invocations=10 (full 0):
 garbage-first heap   total 132096K, used 50158K [0x0000000082800000, 0x0000000100000000)
  region size 1024K, 5 young (5120K), 5 survivors (5120K)
 Metaspace       used 32606K, committed 32832K, reserved 1081344K
  class space    used 3657K, committed 3776K, reserved 1048576K
}
Event: 19.659 GC heap before
{Heap before GC invocations=10 (full 0):
 garbage-first heap   total 132096K, used 105454K [0x0000000082800000, 0x0000000100000000)
  region size 1024K, 54 young (55296K), 5 survivors (5120K)
 Metaspace       used 35509K, committed 35776K, reserved 1081344K
  class space    used 4030K, committed 4160K, reserved 1048576K
}
Event: 19.675 GC heap after
{Heap after GC invocations=11 (full 0):
 garbage-first heap   total 132096K, used 60094K [0x0000000082800000, 0x0000000100000000)
  region size 1024K, 5 young (5120K), 5 survivors (5120K)
 Metaspace       used 35509K, committed 35776K, reserved 1081344K
  class space    used 4030K, committed 4160K, reserved 1048576K
}
Event: 19.873 GC heap before
{Heap before GC invocations=11 (full 0):
 garbage-first heap   total 132096K, used 67262K [0x0000000082800000, 0x0000000100000000)
  region size 1024K, 13 young (13312K), 5 survivors (5120K)
 Metaspace       used 35869K, committed 36096K, reserved 1089536K
  class space    used 4095K, committed 4224K, reserved 1048576K
}
Event: 19.882 GC heap after
{Heap after GC invocations=12 (full 0):
 garbage-first heap   total 132096K, used 60935K [0x0000000082800000, 0x0000000100000000)
  region size 1024K, 1 young (1024K), 1 survivors (1024K)
 Metaspace       used 35869K, committed 36096K, reserved 1089536K
  class space    used 4095K, committed 4224K, reserved 1048576K
}

